<?xml version='1.0'?>
<ns2:test-suite xmlns:ns2='urn:model.allure.qatools.yandex.ru' start='1668887551111' stop='1668887552729'>
    <name>My Login application</name>
    <title>My Login application</title>
    <test-cases>
        <test-case start='1668887551112' status='passed' stop='1668887551113'>
            <name>"before all" hook</name>
            <title>"before all" hook</title>
            <labels>
                <label name='language' value='javascript'/>
                <label name='framework' value='wdio'/>
                <label name='thread' value='0-0'/>
            </labels>
            <parameters>
                <parameter kind='argument' name='browser' value='chrome-107.0.5304.107'/>
            </parameters>
            <steps>
                <step start='1668887551114' status='undefined'>
                    <name>POST /session/:sessionId/url</name>
                    <title>POST /session/:sessionId/url</title>
                    <attachments>
                        <attachment title='Request' source='ab7a99f2-56ed-4ad6-810a-37c13d26228d-attachment.json' type='application/json' size='41'/>
                    </attachments>
                    <steps/>
                </step>
            </steps>
            <attachments/>
        </test-case>
        <test-case start='1668887551120' status='passed' stop='1668887551681'>
            <name>Log in with standard_user</name>
            <title>Log in with standard_user</title>
            <labels>
                <label name='language' value='javascript'/>
                <label name='framework' value='wdio'/>
                <label name='thread' value='0-0'/>
            </labels>
            <parameters>
                <parameter kind='argument' name='browser' value='chrome-107.0.5304.107'/>
            </parameters>
            <steps>
                <step start='1668887551122' status='passed' stop='1668887551367'>
                    <name>POST /session/:sessionId/element</name>
                    <title>POST /session/:sessionId/element</title>
                    <attachments>
                        <attachment title='Request' source='59290ff6-8ec0-4479-b9ad-b00e89029b84-attachment.json' type='application/json' size='54'/>
                    </attachments>
                    <steps/>
                </step>
                <step start='1668887551383' status='passed' stop='1668887551412'>
                    <name>POST /session/:sessionId/element/7b72421f-7d57-455a-bb53-1f4aacdaa09d/clear</name>
                    <title>POST /session/:sessionId/element/7b72421f-7d57-455a-bb53-1f4aacdaa09d/clear</title>
                    <attachments/>
                    <steps/>
                </step>
                <step start='1668887551418' status='passed' stop='1668887551475'>
                    <name>POST /session/:sessionId/element/7b72421f-7d57-455a-bb53-1f4aacdaa09d/value</name>
                    <title>POST /session/:sessionId/element/7b72421f-7d57-455a-bb53-1f4aacdaa09d/value</title>
                    <attachments>
                        <attachment title='Request' source='07335e77-ef3c-4180-8929-7ab83678da87-attachment.json' type='application/json' size='29'/>
                    </attachments>
                    <steps/>
                </step>
                <step start='1668887551475' status='passed' stop='1668887551488'>
                    <name>POST /session/:sessionId/element</name>
                    <title>POST /session/:sessionId/element</title>
                    <attachments>
                        <attachment title='Request' source='709efdb4-614c-4a6e-9361-5879cac849df-attachment.json' type='application/json' size='53'/>
                        <attachment title='Response' source='c5e7ccd3-41ab-46d5-b529-d8a22423efb9-attachment.json' type='application/json' size='83'/>
                    </attachments>
                    <steps/>
                </step>
                <step start='1668887551491' status='passed' stop='1668887551520'>
                    <name>POST /session/:sessionId/element/bf06eda4-0ccc-417a-9fc7-c69ef8d86cbc/clear</name>
                    <title>POST /session/:sessionId/element/bf06eda4-0ccc-417a-9fc7-c69ef8d86cbc/clear</title>
                    <attachments/>
                    <steps/>
                </step>
                <step start='1668887551521' status='passed' stop='1668887551571'>
                    <name>POST /session/:sessionId/element/bf06eda4-0ccc-417a-9fc7-c69ef8d86cbc/value</name>
                    <title>POST /session/:sessionId/element/bf06eda4-0ccc-417a-9fc7-c69ef8d86cbc/value</title>
                    <attachments>
                        <attachment title='Request' source='c049a993-6bd7-48ad-b223-f4f2e4a3a109-attachment.json' type='application/json' size='28'/>
                    </attachments>
                    <steps/>
                </step>
                <step start='1668887551572' status='passed' stop='1668887551586'>
                    <name>POST /session/:sessionId/element</name>
                    <title>POST /session/:sessionId/element</title>
                    <attachments>
                        <attachment title='Request' source='904cfc20-0401-4c0b-acd0-9d2c0e20c57f-attachment.json' type='application/json' size='57'/>
                        <attachment title='Response' source='77261f08-dd97-4362-bd5d-88428dcb2ea9-attachment.json' type='application/json' size='83'/>
                    </attachments>
                    <steps/>
                </step>
                <step start='1668887551588' status='passed' stop='1668887551680'>
                    <name>POST /session/:sessionId/element/413b3af5-f0f2-4b77-8802-f4f868904d0c/click</name>
                    <title>POST /session/:sessionId/element/413b3af5-f0f2-4b77-8802-f4f868904d0c/click</title>
                    <attachments/>
                    <steps/>
                </step>
            </steps>
            <attachments>
                <attachment title='Response' source='87f11f2b-ea0e-4691-83b7-bc481dfa4aab-attachment.json' type='application/json' size='83'/>
            </attachments>
        </test-case>
        <test-case start='1668887551681' status='failed' stop='1668887552040'>
            <name>Log out with standard_user</name>
            <title>Log out with standard_user</title>
            <labels>
                <label name='language' value='javascript'/>
                <label name='framework' value='wdio'/>
                <label name='thread' value='0-0'/>
            </labels>
            <parameters>
                <parameter kind='argument' name='browser' value='chrome-107.0.5304.107'/>
            </parameters>
            <steps>
                <step start='1668887551682' status='passed' stop='1668887551702'>
                    <name>POST /session/:sessionId/element</name>
                    <title>POST /session/:sessionId/element</title>
                    <attachments>
                        <attachment title='Request' source='91907294-d5cb-4f46-89c4-72ccd43bfa77-attachment.json' type='application/json' size='66'/>
                        <attachment title='Response' source='b273dec4-b7a3-40fe-b70f-c4b5f8e142a0-attachment.json' type='application/json' size='83'/>
                    </attachments>
                    <steps/>
                </step>
                <step start='1668887551705' status='passed' stop='1668887551746'>
                    <name>POST /session/:sessionId/element/e62faec7-4988-4a00-9ea6-6155127d56e2/click</name>
                    <title>POST /session/:sessionId/element/e62faec7-4988-4a00-9ea6-6155127d56e2/click</title>
                    <attachments/>
                    <steps/>
                </step>
                <step start='1668887551752' status='passed' stop='1668887552038'>
                    <name>GET /session/:sessionId/screenshot</name>
                    <title>GET /session/:sessionId/screenshot</title>
                    <attachments>
                        <attachment title='Screenshot' source='b258ac22-5678-461e-a53b-40bf187e510a-attachment.png' type='image/png' size='208514'/>
                    </attachments>
                    <steps/>
                </step>
            </steps>
            <attachments/>
            <failure>
                <message>ReferenceError: logoutBtn is not defined</message>
                <stack-trace>ReferenceError: logoutBtn is not defined
                    at UserContext.&lt;anonymous> (C:\Users\valen\OneDrive\Escritorio\Estudio\Practica\Week-14\test\specs\/example.e2e.js:22:9)
                    at processTicksAndRejections (node:internal/process/task_queues:96:5)</stack-trace>
            </failure>
        </test-case>
        <test-case start='1668887552041' status='failed' stop='1668887552198'>
            <name>Log in with locked_out_user</name>
            <title>Log in with locked_out_user</title>
            <labels>
                <label name='language' value='javascript'/>
                <label name='framework' value='wdio'/>
                <label name='thread' value='0-0'/>
            </labels>
            <parameters>
                <parameter kind='argument' name='browser' value='chrome-107.0.5304.107'/>
            </parameters>
            <steps>
                <step start='1668887552043' status='passed' stop='1668887552198'>
                    <name>GET /session/:sessionId/screenshot</name>
                    <title>GET /session/:sessionId/screenshot</title>
                    <attachments>
                        <attachment title='Screenshot' source='c800e473-cdee-4101-9d47-936acbf85032-attachment.png' type='image/png' size='96352'/>
                    </attachments>
                    <steps/>
                </step>
            </steps>
            <attachments/>
            <failure>
                <message>TypeError: (intermediate value).open is not a function</message>
                <stack-trace>TypeError: (intermediate value).open is not a function
                    at LoginPage.open (C:\Users\valen\OneDrive\Escritorio\Estudio\Practica\Week-14\test\pageobjects\/login.page.js:38:22)
                    at UserContext.&lt;anonymous> (C:\Users\valen\OneDrive\Escritorio\Estudio\Practica\Week-14\test\specs\/example.e2e.js:27:25)</stack-trace>
            </failure>
        </test-case>
        <test-case start='1668887552210' status='failed' stop='1668887552361'>
            <name>Log in with performance_glitch_user</name>
            <title>Log in with performance_glitch_user</title>
            <labels>
                <label name='language' value='javascript'/>
                <label name='framework' value='wdio'/>
                <label name='thread' value='0-0'/>
            </labels>
            <parameters>
                <parameter kind='argument' name='browser' value='chrome-107.0.5304.107'/>
            </parameters>
            <steps>
                <step start='1668887552212' status='passed' stop='1668887552361'>
                    <name>GET /session/:sessionId/screenshot</name>
                    <title>GET /session/:sessionId/screenshot</title>
                    <attachments>
                        <attachment title='Screenshot' source='46d56cdc-6f0f-4a0a-b9cb-2aee55a24854-attachment.png' type='image/png' size='55854'/>
                    </attachments>
                    <steps/>
                </step>
            </steps>
            <attachments/>
            <failure>
                <message>TypeError: (intermediate value).open is not a function</message>
                <stack-trace>TypeError: (intermediate value).open is not a function
                    at LoginPage.open (C:\Users\valen\OneDrive\Escritorio\Estudio\Practica\Week-14\test\pageobjects\/login.page.js:38:22)
                    at UserContext.&lt;anonymous> (C:\Users\valen\OneDrive\Escritorio\Estudio\Practica\Week-14\test\specs\/example.e2e.js:34:25)</stack-trace>
            </failure>
        </test-case>
        <test-case start='1668887552361' status='failed' stop='1668887552487'>
            <name>Log out with performance_glitch_user</name>
            <title>Log out with performance_glitch_user</title>
            <labels>
                <label name='language' value='javascript'/>
                <label name='framework' value='wdio'/>
                <label name='thread' value='0-0'/>
            </labels>
            <parameters>
                <parameter kind='argument' name='browser' value='chrome-107.0.5304.107'/>
            </parameters>
            <steps>
                <step start='1668887552362' status='passed' stop='1668887552486'>
                    <name>GET /session/:sessionId/screenshot</name>
                    <title>GET /session/:sessionId/screenshot</title>
                    <attachments>
                        <attachment title='Screenshot' source='e3543f89-47a2-4369-b003-63e3edad3308-attachment.png' type='image/png' size='54347'/>
                    </attachments>
                    <steps/>
                </step>
            </steps>
            <attachments/>
            <failure>
                <message>ReferenceError: sideBarBurger is not defined</message>
                <stack-trace>ReferenceError: sideBarBurger is not defined
                    at UserContext.&lt;anonymous> (C:\Users\valen\OneDrive\Escritorio\Estudio\Practica\Week-14\test\specs\/example.e2e.js:39:9)</stack-trace>
            </failure>
        </test-case>
        <test-case start='1668887552487' status='failed' stop='1668887552609'>
            <name>Log in with problem_user</name>
            <title>Log in with problem_user</title>
            <labels>
                <label name='language' value='javascript'/>
                <label name='framework' value='wdio'/>
                <label name='thread' value='0-0'/>
            </labels>
            <parameters>
                <parameter kind='argument' name='browser' value='chrome-107.0.5304.107'/>
            </parameters>
            <steps>
                <step start='1668887552488' status='passed' stop='1668887552608'>
                    <name>GET /session/:sessionId/screenshot</name>
                    <title>GET /session/:sessionId/screenshot</title>
                    <attachments>
                        <attachment title='Screenshot' source='82cc0c1c-0462-48b9-807c-317b4f81ff26-attachment.png' type='image/png' size='54347'/>
                    </attachments>
                    <steps/>
                </step>
            </steps>
            <attachments/>
            <failure>
                <message>TypeError: (intermediate value).open is not a function</message>
                <stack-trace>TypeError: (intermediate value).open is not a function
                    at LoginPage.open (C:\Users\valen\OneDrive\Escritorio\Estudio\Practica\Week-14\test\pageobjects\/login.page.js:38:22)
                    at UserContext.&lt;anonymous> (C:\Users\valen\OneDrive\Escritorio\Estudio\Practica\Week-14\test\specs\/example.e2e.js:45:25)</stack-trace>
            </failure>
        </test-case>
        <test-case start='1668887552617' status='failed' stop='1668887552728'>
            <name>Log out with problem_user</name>
            <title>Log out with problem_user</title>
            <labels>
                <label name='language' value='javascript'/>
                <label name='framework' value='wdio'/>
                <label name='thread' value='0-0'/>
            </labels>
            <parameters>
                <parameter kind='argument' name='browser' value='chrome-107.0.5304.107'/>
            </parameters>
            <steps>
                <step start='1668887552618' status='passed' stop='1668887552728'>
                    <name>GET /session/:sessionId/screenshot</name>
                    <title>GET /session/:sessionId/screenshot</title>
                    <attachments>
                        <attachment title='Screenshot' source='d503cdab-327c-4ab5-8ef2-09939a8ba44a-attachment.png' type='image/png' size='54347'/>
                    </attachments>
                    <steps/>
                </step>
            </steps>
            <attachments/>
            <failure>
                <message>ReferenceError: sideBarBurger is not defined</message>
                <stack-trace>ReferenceError: sideBarBurger is not defined
                    at UserContext.&lt;anonymous> (C:\Users\valen\OneDrive\Escritorio\Estudio\Practica\Week-14\test\specs\/example.e2e.js:50:9)</stack-trace>
            </failure>
        </test-case>
    </test-cases>
</ns2:test-suite>