<?xml version='1.0'?>
<ns2:test-suite xmlns:ns2='urn:model.allure.qatools.yandex.ru' start='1668887507694' stop='1668887509303'>
    <name>My Login application</name>
    <title>My Login application</title>
    <test-cases>
        <test-case start='1668887507695' status='passed' stop='1668887507696'>
            <name>"before all" hook</name>
            <title>"before all" hook</title>
            <labels>
                <label name='language' value='javascript'/>
                <label name='framework' value='wdio'/>
                <label name='thread' value='0-0'/>
            </labels>
            <parameters>
                <parameter kind='argument' name='browser' value='chrome-107.0.5304.107'/>
            </parameters>
            <steps>
                <step start='1668887507697' status='undefined'>
                    <name>POST /session/:sessionId/url</name>
                    <title>POST /session/:sessionId/url</title>
                    <attachments>
                        <attachment title='Request' source='ffffe6f9-d588-47a9-b595-ee7120d97e20-attachment.json' type='application/json' size='41'/>
                    </attachments>
                    <steps/>
                </step>
            </steps>
            <attachments/>
        </test-case>
        <test-case start='1668887507702' status='passed' stop='1668887508352'>
            <name>Log in with standard_user</name>
            <title>Log in with standard_user</title>
            <labels>
                <label name='language' value='javascript'/>
                <label name='framework' value='wdio'/>
                <label name='thread' value='0-0'/>
            </labels>
            <parameters>
                <parameter kind='argument' name='browser' value='chrome-107.0.5304.107'/>
            </parameters>
            <steps>
                <step start='1668887507705' status='passed' stop='1668887508013'>
                    <name>POST /session/:sessionId/element</name>
                    <title>POST /session/:sessionId/element</title>
                    <attachments>
                        <attachment title='Request' source='edf3ac64-272d-43a4-8f90-7b8f9f783cbf-attachment.json' type='application/json' size='54'/>
                    </attachments>
                    <steps/>
                </step>
                <step start='1668887508035' status='passed' stop='1668887508070'>
                    <name>POST /session/:sessionId/element/31eb5664-12fc-4387-ae6e-f7f3569391a4/clear</name>
                    <title>POST /session/:sessionId/element/31eb5664-12fc-4387-ae6e-f7f3569391a4/clear</title>
                    <attachments/>
                    <steps/>
                </step>
                <step start='1668887508078' status='passed' stop='1668887508140'>
                    <name>POST /session/:sessionId/element/31eb5664-12fc-4387-ae6e-f7f3569391a4/value</name>
                    <title>POST /session/:sessionId/element/31eb5664-12fc-4387-ae6e-f7f3569391a4/value</title>
                    <attachments>
                        <attachment title='Request' source='01bee079-da0d-45a4-bc13-a165060b00ac-attachment.json' type='application/json' size='29'/>
                    </attachments>
                    <steps/>
                </step>
                <step start='1668887508141' status='passed' stop='1668887508154'>
                    <name>POST /session/:sessionId/element</name>
                    <title>POST /session/:sessionId/element</title>
                    <attachments>
                        <attachment title='Request' source='1414d682-bc46-4795-b2bc-5a87fc1d0fc4-attachment.json' type='application/json' size='53'/>
                        <attachment title='Response' source='5ec03108-06c5-47db-8396-47cf8e025c63-attachment.json' type='application/json' size='83'/>
                    </attachments>
                    <steps/>
                </step>
                <step start='1668887508156' status='passed' stop='1668887508186'>
                    <name>POST /session/:sessionId/element/b267f9dc-e6b3-484e-9f63-d722519c9498/clear</name>
                    <title>POST /session/:sessionId/element/b267f9dc-e6b3-484e-9f63-d722519c9498/clear</title>
                    <attachments/>
                    <steps/>
                </step>
                <step start='1668887508186' status='passed' stop='1668887508234'>
                    <name>POST /session/:sessionId/element/b267f9dc-e6b3-484e-9f63-d722519c9498/value</name>
                    <title>POST /session/:sessionId/element/b267f9dc-e6b3-484e-9f63-d722519c9498/value</title>
                    <attachments>
                        <attachment title='Request' source='1528c6dd-3fc5-4787-b382-3f7d0be5df59-attachment.json' type='application/json' size='28'/>
                    </attachments>
                    <steps/>
                </step>
                <step start='1668887508235' status='passed' stop='1668887508249'>
                    <name>POST /session/:sessionId/element</name>
                    <title>POST /session/:sessionId/element</title>
                    <attachments>
                        <attachment title='Request' source='86be34d7-8de8-4e92-b610-7133a6dca1b3-attachment.json' type='application/json' size='57'/>
                        <attachment title='Response' source='7384d420-e834-411d-b793-b6b68299554c-attachment.json' type='application/json' size='83'/>
                    </attachments>
                    <steps/>
                </step>
                <step start='1668887508252' status='passed' stop='1668887508351'>
                    <name>POST /session/:sessionId/element/8a3efebb-12a2-4f3a-a60a-99518e632b4b/click</name>
                    <title>POST /session/:sessionId/element/8a3efebb-12a2-4f3a-a60a-99518e632b4b/click</title>
                    <attachments/>
                    <steps/>
                </step>
            </steps>
            <attachments>
                <attachment title='Response' source='51284ddf-096e-4a54-bf8f-259eb4ebbe62-attachment.json' type='application/json' size='83'/>
            </attachments>
        </test-case>
        <test-case start='1668887508352' status='failed' stop='1668887508486'>
            <name>Log out with standard_user</name>
            <title>Log out with standard_user</title>
            <labels>
                <label name='language' value='javascript'/>
                <label name='framework' value='wdio'/>
                <label name='thread' value='0-0'/>
            </labels>
            <parameters>
                <parameter kind='argument' name='browser' value='chrome-107.0.5304.107'/>
            </parameters>
            <steps>
                <step start='1668887508358' status='passed' stop='1668887508484'>
                    <name>GET /session/:sessionId/screenshot</name>
                    <title>GET /session/:sessionId/screenshot</title>
                    <attachments>
                        <attachment title='Screenshot' source='9ed35a43-5149-4013-8fd3-168355ccb435-attachment.png' type='image/png' size='85718'/>
                    </attachments>
                    <steps/>
                </step>
            </steps>
            <attachments/>
            <failure>
                <message>ReferenceError: sideBarBurger is not defined</message>
                <stack-trace>ReferenceError: sideBarBurger is not defined
                    at UserContext.&lt;anonymous> (C:\Users\valen\OneDrive\Escritorio\Estudio\Practica\Week-14\test\specs\/example.e2e.js:21:9)</stack-trace>
            </failure>
        </test-case>
        <test-case start='1668887508487' status='failed' stop='1668887508632'>
            <name>Log in with locked_out_user</name>
            <title>Log in with locked_out_user</title>
            <labels>
                <label name='language' value='javascript'/>
                <label name='framework' value='wdio'/>
                <label name='thread' value='0-0'/>
            </labels>
            <parameters>
                <parameter kind='argument' name='browser' value='chrome-107.0.5304.107'/>
            </parameters>
            <steps>
                <step start='1668887508488' status='passed' stop='1668887508631'>
                    <name>GET /session/:sessionId/screenshot</name>
                    <title>GET /session/:sessionId/screenshot</title>
                    <attachments>
                        <attachment title='Screenshot' source='8b74218e-3330-4d4e-941f-fc2b23f5c5b8-attachment.png' type='image/png' size='91459'/>
                    </attachments>
                    <steps/>
                </step>
            </steps>
            <attachments/>
            <failure>
                <message>TypeError: (intermediate value).open is not a function</message>
                <stack-trace>TypeError: (intermediate value).open is not a function
                    at LoginPage.open (C:\Users\valen\OneDrive\Escritorio\Estudio\Practica\Week-14\test\pageobjects\/login.page.js:38:22)
                    at UserContext.&lt;anonymous> (C:\Users\valen\OneDrive\Escritorio\Estudio\Practica\Week-14\test\specs\/example.e2e.js:27:25)</stack-trace>
            </failure>
        </test-case>
        <test-case start='1668887508641' status='failed' stop='1668887508840'>
            <name>Log in with performance_glitch_user</name>
            <title>Log in with performance_glitch_user</title>
            <labels>
                <label name='language' value='javascript'/>
                <label name='framework' value='wdio'/>
                <label name='thread' value='0-0'/>
            </labels>
            <parameters>
                <parameter kind='argument' name='browser' value='chrome-107.0.5304.107'/>
            </parameters>
            <steps>
                <step start='1668887508642' status='passed' stop='1668887508839'>
                    <name>GET /session/:sessionId/screenshot</name>
                    <title>GET /session/:sessionId/screenshot</title>
                    <attachments>
                        <attachment title='Screenshot' source='d783ef97-3d8b-4b4c-af74-cc69cbeeff66-attachment.png' type='image/png' size='104284'/>
                    </attachments>
                    <steps/>
                </step>
            </steps>
            <attachments/>
            <failure>
                <message>TypeError: (intermediate value).open is not a function</message>
                <stack-trace>TypeError: (intermediate value).open is not a function
                    at LoginPage.open (C:\Users\valen\OneDrive\Escritorio\Estudio\Practica\Week-14\test\pageobjects\/login.page.js:38:22)
                    at UserContext.&lt;anonymous> (C:\Users\valen\OneDrive\Escritorio\Estudio\Practica\Week-14\test\specs\/example.e2e.js:34:25)</stack-trace>
            </failure>
        </test-case>
        <test-case start='1668887508840' status='failed' stop='1668887509003'>
            <name>Log out with performance_glitch_user</name>
            <title>Log out with performance_glitch_user</title>
            <labels>
                <label name='language' value='javascript'/>
                <label name='framework' value='wdio'/>
                <label name='thread' value='0-0'/>
            </labels>
            <parameters>
                <parameter kind='argument' name='browser' value='chrome-107.0.5304.107'/>
            </parameters>
            <steps>
                <step start='1668887508841' status='passed' stop='1668887509003'>
                    <name>GET /session/:sessionId/screenshot</name>
                    <title>GET /session/:sessionId/screenshot</title>
                    <attachments>
                        <attachment title='Screenshot' source='1682f18a-4151-4d0e-996f-904f81712fc2-attachment.png' type='image/png' size='202648'/>
                    </attachments>
                    <steps/>
                </step>
            </steps>
            <attachments/>
            <failure>
                <message>ReferenceError: sideBarBurger is not defined</message>
                <stack-trace>ReferenceError: sideBarBurger is not defined
                    at UserContext.&lt;anonymous> (C:\Users\valen\OneDrive\Escritorio\Estudio\Practica\Week-14\test\specs\/example.e2e.js:39:9)</stack-trace>
            </failure>
        </test-case>
        <test-case start='1668887509003' status='failed' stop='1668887509164'>
            <name>Log in with problem_user</name>
            <title>Log in with problem_user</title>
            <labels>
                <label name='language' value='javascript'/>
                <label name='framework' value='wdio'/>
                <label name='thread' value='0-0'/>
            </labels>
            <parameters>
                <parameter kind='argument' name='browser' value='chrome-107.0.5304.107'/>
            </parameters>
            <steps>
                <step start='1668887509005' status='passed' stop='1668887509163'>
                    <name>GET /session/:sessionId/screenshot</name>
                    <title>GET /session/:sessionId/screenshot</title>
                    <attachments>
                        <attachment title='Screenshot' source='310b6940-c8e2-4579-8b31-4171ab197d83-attachment.png' type='image/png' size='202627'/>
                    </attachments>
                    <steps/>
                </step>
            </steps>
            <attachments/>
            <failure>
                <message>TypeError: (intermediate value).open is not a function</message>
                <stack-trace>TypeError: (intermediate value).open is not a function
                    at LoginPage.open (C:\Users\valen\OneDrive\Escritorio\Estudio\Practica\Week-14\test\pageobjects\/login.page.js:38:22)
                    at UserContext.&lt;anonymous> (C:\Users\valen\OneDrive\Escritorio\Estudio\Practica\Week-14\test\specs\/example.e2e.js:45:25)</stack-trace>
            </failure>
        </test-case>
        <test-case start='1668887509167' status='failed' stop='1668887509302'>
            <name>Log out with problem_user</name>
            <title>Log out with problem_user</title>
            <labels>
                <label name='language' value='javascript'/>
                <label name='framework' value='wdio'/>
                <label name='thread' value='0-0'/>
            </labels>
            <parameters>
                <parameter kind='argument' name='browser' value='chrome-107.0.5304.107'/>
            </parameters>
            <steps>
                <step start='1668887509168' status='passed' stop='1668887509302'>
                    <name>GET /session/:sessionId/screenshot</name>
                    <title>GET /session/:sessionId/screenshot</title>
                    <attachments>
                        <attachment title='Screenshot' source='dd9e4f8e-1d33-44db-bc55-64187b8b6d74-attachment.png' type='image/png' size='202627'/>
                    </attachments>
                    <steps/>
                </step>
            </steps>
            <attachments/>
            <failure>
                <message>ReferenceError: sideBarBurger is not defined</message>
                <stack-trace>ReferenceError: sideBarBurger is not defined
                    at UserContext.&lt;anonymous> (C:\Users\valen\OneDrive\Escritorio\Estudio\Practica\Week-14\test\specs\/example.e2e.js:50:9)</stack-trace>
            </failure>
        </test-case>
    </test-cases>
</ns2:test-suite>